# JRE version: OpenJDK Runtime Environment Temurin-21.0.9+10 (21.0.9+10) (build 21.0.9+10-LTS)
# Java VM: OpenJDK 64-Bit Server VM Temurin-21.0.9+10 (21.0.9+10-LTS, mixed mode, sharing, tiered, compressed oops, compressed class ptrs, parallel gc, windows-amd64)
GC Precious Log:
 CardTable entry size: 512
 CPUs: 12 total, 12 available
 Memory: 7895M
 Large Page Support: Disabled
 NUMA Support: Disabled
 Compressed Oops: Enabled (32-bit)
 Alignments: Space 512K, Generation 512K, Heap 2M
 Heap Min Capacity: 100M
 Heap Initial Capacity: 100M
 Heap Max Capacity: 2G
 Pre-touch: Disabled
 Parallel Workers: 10
Heap:
 PSYoungGen      total 14848K, used 12245K [0x00000000d5580000, 0x00000000d6800000, 0x0000000100000000)
  eden space 13824K, 81% used [0x00000000d5580000,0x00000000d607d5b0,0x00000000d6300000)
  from space 1024K, 96% used [0x00000000d6700000,0x00000000d67f8010,0x00000000d6800000)
  to   space 1536K, 0% used [0x00000000d6500000,0x00000000d6500000,0x00000000d6680000)
 ParOldGen       total 860160K, used 786638K [0x0000000080000000, 0x00000000b4800000, 0x00000000d5580000)
  object space 860160K, 91% used [0x0000000080000000,0x00000000b0033900,0x00000000b4800000)
 Metaspace       used 79235K, committed 81088K, reserved 1179648K
  class space    used 8198K, committed 9024K, reserved 1048576K
GC Heap History (20 events):
Event: 73.451 GC heap before
{Heap before GC invocations=2511 (full 4):
 PSYoungGen      total 10240K, used 9512K [0x00000000d5580000, 0x00000000d6180000, 0x0000000100000000)
  eden space 8704K, 96% used [0x00000000d5580000,0x00000000d5db1160,0x00000000d5e00000)
  from space 1536K, 73% used [0x00000000d6000000,0x00000000d61190e0,0x00000000d6180000)
  to   space 1536K, 0% used [0x00000000d5e80000,0x00000000d5e80000,0x00000000d6000000)
 ParOldGen       total 860160K, used 769642K [0x0000000080000000, 0x00000000b4800000, 0x00000000d5580000)
  object space 860160K, 89% used [0x0000000080000000,0x00000000aef9aa50,0x00000000b4800000)
 Metaspace       used 79080K, committed 80960K, reserved 1179648K
  class space    used 8173K, committed 9024K, reserved 1048576K
}
Event: 73.453 GC heap after
{Heap after GC invocations=2511 (full 4):
 PSYoungGen      total 10752K, used 1504K [0x00000000d5580000, 0x00000000d6a00000, 0x0000000100000000)
  eden space 9216K, 0% used [0x00000000d5580000,0x00000000d5580000,0x00000000d5e80000)
  from space 1536K, 97% used [0x00000000d5e80000,0x00000000d5ff8180,0x00000000d6000000)
  to   space 5120K, 0% used [0x00000000d6500000,0x00000000d6500000,0x00000000d6a00000)
 ParOldGen       total 860160K, used 772364K [0x0000000080000000, 0x00000000b4800000, 0x00000000d5580000)
  object space 860160K, 89% used [0x0000000080000000,0x00000000af243330,0x00000000b4800000)
 Metaspace       used 79080K, committed 80960K, reserved 1179648K
  class space    used 8173K, committed 9024K, reserved 1048576K
}
Event: 73.468 GC heap before
{Heap before GC invocations=2512 (full 4):
 PSYoungGen      total 10752K, used 10720K [0x00000000d5580000, 0x00000000d6a00000, 0x0000000100000000)
  eden space 9216K, 100% used [0x00000000d5580000,0x00000000d5e80000,0x00000000d5e80000)
  from space 1536K, 97% used [0x00000000d5e80000,0x00000000d5ff8180,0x00000000d6000000)
  to   space 5120K, 0% used [0x00000000d6500000,0x00000000d6500000,0x00000000d6a00000)
 ParOldGen       total 860160K, used 772364K [0x0000000080000000, 0x00000000b4800000, 0x00000000d5580000)
  object space 860160K, 89% used [0x0000000080000000,0x00000000af243330,0x00000000b4800000)
 Metaspace       used 79080K, committed 80960K, reserved 1179648K
  class space    used 8173K, committed 9024K, reserved 1048576K
}
Event: 73.471 GC heap after
{Heap after GC invocations=2512 (full 4):
 PSYoungGen      total 13824K, used 2547K [0x00000000d5580000, 0x00000000d6780000, 0x0000000100000000)
  eden space 11264K, 0% used [0x00000000d5580000,0x00000000d5580000,0x00000000d6080000)
  from space 2560K, 99% used [0x00000000d6500000,0x00000000d677ce48,0x00000000d6780000)
  to   space 3584K, 0% used [0x00000000d6080000,0x00000000d6080000,0x00000000d6400000)
 ParOldGen       total 860160K, used 773864K [0x0000000080000000, 0x00000000b4800000, 0x00000000d5580000)
  object space 860160K, 89% used [0x0000000080000000,0x00000000af3ba0c8,0x00000000b4800000)
 Metaspace       used 79080K, committed 80960K, reserved 1179648K
  class space    used 8173K, committed 9024K, reserved 1048576K
}
Event: 73.493 GC heap before
{Heap before GC invocations=2513 (full 4):
 PSYoungGen      total 13824K, used 13811K [0x00000000d5580000, 0x00000000d6780000, 0x0000000100000000)
  eden space 11264K, 100% used [0x00000000d5580000,0x00000000d6080000,0x00000000d6080000)
  from space 2560K, 99% used [0x00000000d6500000,0x00000000d677ce48,0x00000000d6780000)
  to   space 3584K, 0% used [0x00000000d6080000,0x00000000d6080000,0x00000000d6400000)
 ParOldGen       total 860160K, used 773864K [0x0000000080000000, 0x00000000b4800000, 0x00000000d5580000)
  object space 860160K, 89% used [0x0000000080000000,0x00000000af3ba0c8,0x00000000b4800000)
 Metaspace       used 79149K, committed 81024K, reserved 1179648K
  class space    used 8195K, committed 9024K, reserved 1048576K
}
Event: 73.496 GC heap after
{Heap after GC invocations=2513 (full 4):
 PSYoungGen      total 14848K, used 3447K [0x00000000d5580000, 0x00000000d6b00000, 0x0000000100000000)
  eden space 11264K, 0% used [0x00000000d5580000,0x00000000d5580000,0x00000000d6080000)
  from space 3584K, 96% used [0x00000000d6080000,0x00000000d63ddeb0,0x00000000d6400000)
  to   space 4096K, 0% used [0x00000000d6700000,0x00000000d6700000,0x00000000d6b00000)
 ParOldGen       total 860160K, used 776209K [0x0000000080000000, 0x00000000b4800000, 0x00000000d5580000)
  object space 860160K, 90% used [0x0000000080000000,0x00000000af604470,0x00000000b4800000)
 Metaspace       used 79149K, committed 81024K, reserved 1179648K
  class space    used 8195K, committed 9024K, reserved 1048576K
}
Event: 73.504 GC heap before
{Heap before GC invocations=2514 (full 4):
 PSYoungGen      total 14848K, used 14711K [0x00000000d5580000, 0x00000000d6b00000, 0x0000000100000000)
  eden space 11264K, 100% used [0x00000000d5580000,0x00000000d6080000,0x00000000d6080000)
  from space 3584K, 96% used [0x00000000d6080000,0x00000000d63ddeb0,0x00000000d6400000)
  to   space 4096K, 0% used [0x00000000d6700000,0x00000000d6700000,0x00000000d6b00000)
 ParOldGen       total 860160K, used 776209K [0x0000000080000000, 0x00000000b4800000, 0x00000000d5580000)
  object space 860160K, 90% used [0x0000000080000000,0x00000000af604470,0x00000000b4800000)
 Metaspace       used 79153K, committed 81024K, reserved 1179648K
  class space    used 8195K, committed 9024K, reserved 1048576K
}
Event: 73.508 GC heap after
{Heap after GC invocations=2514 (full 4):
 PSYoungGen      total 17920K, used 3552K [0x00000000d5580000, 0x00000000d6b00000, 0x0000000100000000)
  eden space 13824K, 0% used [0x00000000d5580000,0x00000000d5580000,0x00000000d6300000)
  from space 4096K, 86% used [0x00000000d6700000,0x00000000d6a78000,0x00000000d6b00000)
  to   space 4096K, 0% used [0x00000000d6300000,0x00000000d6300000,0x00000000d6700000)
 ParOldGen       total 860160K, used 779335K [0x0000000080000000, 0x00000000b4800000, 0x00000000d5580000)
  object space 860160K, 90% used [0x0000000080000000,0x00000000af911f20,0x00000000b4800000)
 Metaspace       used 79153K, committed 81024K, reserved 1179648K
  class space    used 8195K, committed 9024K, reserved 1048576K
}
Event: 73.526 GC heap before
{Heap before GC invocations=2515 (full 4):
 PSYoungGen      total 17920K, used 17375K [0x00000000d5580000, 0x00000000d6b00000, 0x0000000100000000)
  eden space 13824K, 99% used [0x00000000d5580000,0x00000000d62ffd78,0x00000000d6300000)
  from space 4096K, 86% used [0x00000000d6700000,0x00000000d6a78000,0x00000000d6b00000)
  to   space 4096K, 0% used [0x00000000d6300000,0x00000000d6300000,0x00000000d6700000)
 ParOldGen       total 860160K, used 779335K [0x0000000080000000, 0x00000000b4800000, 0x00000000d5580000)
  object space 860160K, 90% used [0x0000000080000000,0x00000000af911f20,0x00000000b4800000)
 Metaspace       used 79182K, committed 81024K, reserved 1179648K
  class space    used 8197K, committed 9024K, reserved 1048576K
}
Event: 73.530 GC heap after
{Heap after GC invocations=2515 (full 4):
 PSYoungGen      total 17920K, used 1530K [0x00000000d5580000, 0x00000000d6b00000, 0x0000000100000000)
  eden space 13824K, 0% used [0x00000000d5580000,0x00000000d5580000,0x00000000d6300000)
  from space 4096K, 37% used [0x00000000d6300000,0x00000000d647e900,0x00000000d6700000)
  to   space 2560K, 0% used [0x00000000d6880000,0x00000000d6880000,0x00000000d6b00000)
 ParOldGen       total 860160K, used 782615K [0x0000000080000000, 0x00000000b4800000, 0x00000000d5580000)
  object space 860160K, 90% used [0x0000000080000000,0x00000000afc45f20,0x00000000b4800000)
 Metaspace       used 79182K, committed 81024K, reserved 1179648K
  class space    used 8197K, committed 9024K, reserved 1048576K
}
Event: 73.556 GC heap before
{Heap before GC invocations=2516 (full 4):
 PSYoungGen      total 17920K, used 15341K [0x00000000d5580000, 0x00000000d6b00000, 0x0000000100000000)
  eden space 13824K, 99% used [0x00000000d5580000,0x00000000d62fcb68,0x00000000d6300000)
  from space 4096K, 37% used [0x00000000d6300000,0x00000000d647e900,0x00000000d6700000)
  to   space 2560K, 0% used [0x00000000d6880000,0x00000000d6880000,0x00000000d6b00000)
 ParOldGen       total 860160K, used 782615K [0x0000000080000000, 0x00000000b4800000, 0x00000000d5580000)
  object space 860160K, 90% used [0x0000000080000000,0x00000000afc45f20,0x00000000b4800000)
 Metaspace       used 79202K, committed 81088K, reserved 1179648K
  class space    used 8197K, committed 9024K, reserved 1048576K
}
Event: 73.559 GC heap after
{Heap after GC invocations=2516 (full 4):
 PSYoungGen      total 15360K, used 1359K [0x00000000d5580000, 0x00000000d6a00000, 0x0000000100000000)
  eden space 13824K, 0% used [0x00000000d5580000,0x00000000d5580000,0x00000000d6300000)
  from space 1536K, 88% used [0x00000000d6880000,0x00000000d69d3c40,0x00000000d6a00000)
  to   space 2048K, 0% used [0x00000000d6600000,0x00000000d6600000,0x00000000d6800000)
 ParOldGen       total 860160K, used 783964K [0x0000000080000000, 0x00000000b4800000, 0x00000000d5580000)
  object space 860160K, 91% used [0x0000000080000000,0x00000000afd97120,0x00000000b4800000)
 Metaspace       used 79202K, committed 81088K, reserved 1179648K
  class space    used 8197K, committed 9024K, reserved 1048576K
}
Event: 73.583 GC heap before
{Heap before GC invocations=2517 (full 4):
 PSYoungGen      total 15360K, used 15183K [0x00000000d5580000, 0x00000000d6a00000, 0x0000000100000000)
  eden space 13824K, 100% used [0x00000000d5580000,0x00000000d6300000,0x00000000d6300000)
  from space 1536K, 88% used [0x00000000d6880000,0x00000000d69d3c40,0x00000000d6a00000)
  to   space 2048K, 0% used [0x00000000d6600000,0x00000000d6600000,0x00000000d6800000)
 ParOldGen       total 860160K, used 783964K [0x0000000080000000, 0x00000000b4800000, 0x00000000d5580000)
  object space 860160K, 91% used [0x0000000080000000,0x00000000afd97120,0x00000000b4800000)
 Metaspace       used 79210K, committed 81088K, reserved 1179648K
  class space    used 8197K, committed 9024K, reserved 1048576K
}
Event: 73.586 GC heap after
{Heap after GC invocations=2517 (full 4):
 PSYoungGen      total 15360K, used 1033K [0x00000000d5580000, 0x00000000d6900000, 0x0000000100000000)
  eden space 13824K, 0% used [0x00000000d5580000,0x00000000d5580000,0x00000000d6300000)
  from space 1536K, 67% used [0x00000000d6600000,0x00000000d67026f8,0x00000000d6780000)
  to   space 1536K, 0% used [0x00000000d6780000,0x00000000d6780000,0x00000000d6900000)
 ParOldGen       total 860160K, used 785085K [0x0000000080000000, 0x00000000b4800000, 0x00000000d5580000)
  object space 860160K, 91% used [0x0000000080000000,0x00000000afeaf5e0,0x00000000b4800000)
 Metaspace       used 79210K, committed 81088K, reserved 1179648K
  class space    used 8197K, committed 9024K, reserved 1048576K
}
Event: 73.616 GC heap before
{Heap before GC invocations=2518 (full 4):
 PSYoungGen      total 15360K, used 14857K [0x00000000d5580000, 0x00000000d6900000, 0x0000000100000000)
  eden space 13824K, 100% used [0x00000000d5580000,0x00000000d6300000,0x00000000d6300000)
  from space 1536K, 67% used [0x00000000d6600000,0x00000000d67026f8,0x00000000d6780000)
  to   space 1536K, 0% used [0x00000000d6780000,0x00000000d6780000,0x00000000d6900000)
 ParOldGen       total 860160K, used 785085K [0x0000000080000000, 0x00000000b4800000, 0x00000000d5580000)
  object space 860160K, 91% used [0x0000000080000000,0x00000000afeaf5e0,0x00000000b4800000)
 Metaspace       used 79213K, committed 81088K, reserved 1179648K
  class space    used 8197K, committed 9024K, reserved 1048576K
}
Event: 73.617 GC heap after
{Heap after GC invocations=2518 (full 4):
 PSYoungGen      total 14848K, used 784K [0x00000000d5580000, 0x00000000d6880000, 0x0000000100000000)
  eden space 13824K, 0% used [0x00000000d5580000,0x00000000d5580000,0x00000000d6300000)
  from space 1024K, 76% used [0x00000000d6780000,0x00000000d6844130,0x00000000d6880000)
  to   space 1024K, 0% used [0x00000000d6680000,0x00000000d6680000,0x00000000d6780000)
 ParOldGen       total 860160K, used 785772K [0x0000000080000000, 0x00000000b4800000, 0x00000000d5580000)
  object space 860160K, 91% used [0x0000000080000000,0x00000000aff5b3d0,0x00000000b4800000)
 Metaspace       used 79213K, committed 81088K, reserved 1179648K
  class space    used 8197K, committed 9024K, reserved 1048576K
}
Event: 73.631 GC heap before
{Heap before GC invocations=2519 (full 4):
 PSYoungGen      total 14848K, used 14608K [0x00000000d5580000, 0x00000000d6880000, 0x0000000100000000)
  eden space 13824K, 100% used [0x00000000d5580000,0x00000000d6300000,0x00000000d6300000)
  from space 1024K, 76% used [0x00000000d6780000,0x00000000d6844130,0x00000000d6880000)
  to   space 1024K, 0% used [0x00000000d6680000,0x00000000d6680000,0x00000000d6780000)
 ParOldGen       total 860160K, used 785772K [0x0000000080000000, 0x00000000b4800000, 0x00000000d5580000)
  object space 860160K, 91% used [0x0000000080000000,0x00000000aff5b3d0,0x00000000b4800000)
 Metaspace       used 79217K, committed 81088K, reserved 1179648K
  class space    used 8197K, committed 9024K, reserved 1048576K
}
Event: 73.633 GC heap after
{Heap after GC invocations=2519 (full 4):
 PSYoungGen      total 14336K, used 416K [0x00000000d5580000, 0x00000000d6800000, 0x0000000100000000)
  eden space 13824K, 0% used [0x00000000d5580000,0x00000000d5580000,0x00000000d6300000)
  from space 512K, 81% used [0x00000000d6680000,0x00000000d66e8000,0x00000000d6700000)
  to   space 1024K, 0% used [0x00000000d6700000,0x00000000d6700000,0x00000000d6800000)
 ParOldGen       total 860160K, used 786326K [0x0000000080000000, 0x00000000b4800000, 0x00000000d5580000)
  object space 860160K, 91% used [0x0000000080000000,0x00000000affe5900,0x00000000b4800000)
 Metaspace       used 79217K, committed 81088K, reserved 1179648K
  class space    used 8197K, committed 9024K, reserved 1048576K
}
Event: 73.689 GC heap before
{Heap before GC invocations=2520 (full 4):
 PSYoungGen      total 14336K, used 14239K [0x00000000d5580000, 0x00000000d6800000, 0x0000000100000000)
  eden space 13824K, 99% used [0x00000000d5580000,0x00000000d62fffc8,0x00000000d6300000)
  from space 512K, 81% used [0x00000000d6680000,0x00000000d66e8000,0x00000000d6700000)
  to   space 1024K, 0% used [0x00000000d6700000,0x00000000d6700000,0x00000000d6800000)
 ParOldGen       total 860160K, used 786326K [0x0000000080000000, 0x00000000b4800000, 0x00000000d5580000)
  object space 860160K, 91% used [0x0000000080000000,0x00000000affe5900,0x00000000b4800000)
 Metaspace       used 79218K, committed 81088K, reserved 1179648K
  class space    used 8197K, committed 9024K, reserved 1048576K
}
Event: 73.692 GC heap after
{Heap after GC invocations=2520 (full 4):
 PSYoungGen      total 14848K, used 992K [0x00000000d5580000, 0x00000000d6800000, 0x0000000100000000)
  eden space 13824K, 0% used [0x00000000d5580000,0x00000000d5580000,0x00000000d6300000)
  from space 1024K, 96% used [0x00000000d6700000,0x00000000d67f8010,0x00000000d6800000)
  to   space 1536K, 0% used [0x00000000d6500000,0x00000000d6500000,0x00000000d6680000)
 ParOldGen       total 860160K, used 786638K [0x0000000080000000, 0x00000000b4800000, 0x00000000d5580000)
  object space 860160K, 91% used [0x0000000080000000,0x00000000b0033900,0x00000000b4800000)
 Metaspace       used 79218K, committed 81088K, reserved 1179648K
  class space    used 8197K, committed 9024K, reserved 1048576K
}

