# JRE version: OpenJDK Runtime Environment Temurin-21.0.9+10 (21.0.9+10) (build 21.0.9+10-LTS)
# Java VM: OpenJDK 64-Bit Server VM Temurin-21.0.9+10 (21.0.9+10-LTS, mixed mode, sharing, tiered, compressed oops, compressed class ptrs, parallel gc, windows-amd64)
GC Precious Log:
 CardTable entry size: 512
 CPUs: 12 total, 12 available
 Memory: 7895M
 Large Page Support: Disabled
 NUMA Support: Disabled
 Compressed Oops: Enabled (32-bit)
 Alignments: Space 512K, Generation 512K, Heap 2M
 Heap Min Capacity: 100M
 Heap Initial Capacity: 100M
 Heap Max Capacity: 2G
 Pre-touch: Disabled
 Parallel Workers: 10
Heap:
 PSYoungGen      total 25088K, used 18061K [0x00000000d5580000, 0x00000000d7600000, 0x0000000100000000)
  eden space 22016K, 68% used [0x00000000d5580000,0x00000000d64282e8,0x00000000d6b00000)
  from space 3072K, 99% used [0x00000000d7000000,0x00000000d72fb310,0x00000000d7300000)
  to   space 2560K, 0% used [0x00000000d7380000,0x00000000d7380000,0x00000000d7600000)
 ParOldGen       total 70144K, used 69674K [0x0000000080000000, 0x0000000084480000, 0x00000000d5580000)
  object space 70144K, 99% used [0x0000000080000000,0x000000008440a888,0x0000000084480000)
 Metaspace       used 53614K, committed 54976K, reserved 1114112K
  class space    used 5812K, committed 6464K, reserved 1048576K
GC Heap History (20 events):
Event: 8.712 GC heap before
{Heap before GC invocations=28 (full 2):
 PSYoungGen      total 25088K, used 22836K [0x00000000d5580000, 0x00000000d7100000, 0x0000000100000000)
  eden space 22016K, 91% used [0x00000000d5580000,0x00000000d6941d78,0x00000000d6b00000)
  from space 3072K, 84% used [0x00000000d6b00000,0x00000000d6d8b510,0x00000000d6e00000)
  to   space 3072K, 0% used [0x00000000d6e00000,0x00000000d6e00000,0x00000000d7100000)
 ParOldGen       total 68608K, used 39496K [0x0000000080000000, 0x0000000084300000, 0x00000000d5580000)
  object space 68608K, 57% used [0x0000000080000000,0x0000000082692268,0x0000000084300000)
 Metaspace       used 47975K, committed 49280K, reserved 1114112K
  class space    used 5190K, committed 5824K, reserved 1048576K
}
Event: 8.716 GC heap after
{Heap after GC invocations=28 (full 2):
 PSYoungGen      total 24064K, used 1972K [0x00000000d5580000, 0x00000000d7000000, 0x0000000100000000)
  eden space 22016K, 0% used [0x00000000d5580000,0x00000000d5580000,0x00000000d6b00000)
  from space 2048K, 96% used [0x00000000d6e00000,0x00000000d6fed328,0x00000000d7000000)
  to   space 2560K, 0% used [0x00000000d6b00000,0x00000000d6b00000,0x00000000d6d80000)
 ParOldGen       total 68608K, used 41933K [0x0000000080000000, 0x0000000084300000, 0x00000000d5580000)
  object space 68608K, 61% used [0x0000000080000000,0x00000000828f3778,0x0000000084300000)
 Metaspace       used 47975K, committed 49280K, reserved 1114112K
  class space    used 5190K, committed 5824K, reserved 1048576K
}
Event: 8.850 GC heap before
{Heap before GC invocations=29 (full 2):
 PSYoungGen      total 24064K, used 23988K [0x00000000d5580000, 0x00000000d7000000, 0x0000000100000000)
  eden space 22016K, 99% used [0x00000000d5580000,0x00000000d6afffe8,0x00000000d6b00000)
  from space 2048K, 96% used [0x00000000d6e00000,0x00000000d6fed328,0x00000000d7000000)
  to   space 2560K, 0% used [0x00000000d6b00000,0x00000000d6b00000,0x00000000d6d80000)
 ParOldGen       total 68608K, used 41933K [0x0000000080000000, 0x0000000084300000, 0x00000000d5580000)
  object space 68608K, 61% used [0x0000000080000000,0x00000000828f3778,0x0000000084300000)
 Metaspace       used 48373K, committed 49792K, reserved 1114112K
  class space    used 5239K, committed 5888K, reserved 1048576K
}
Event: 8.858 GC heap after
{Heap after GC invocations=29 (full 2):
 PSYoungGen      total 24576K, used 2542K [0x00000000d5580000, 0x00000000d8600000, 0x0000000100000000)
  eden space 22016K, 0% used [0x00000000d5580000,0x00000000d5580000,0x00000000d6b00000)
  from space 2560K, 99% used [0x00000000d6b00000,0x00000000d6d7bb88,0x00000000d6d80000)
  to   space 13824K, 0% used [0x00000000d7880000,0x00000000d7880000,0x00000000d8600000)
 ParOldGen       total 68608K, used 51127K [0x0000000080000000, 0x0000000084300000, 0x00000000d5580000)
  object space 68608K, 74% used [0x0000000080000000,0x00000000831edfa0,0x0000000084300000)
 Metaspace       used 48373K, committed 49792K, reserved 1114112K
  class space    used 5239K, committed 5888K, reserved 1048576K
}
Event: 8.980 GC heap before
{Heap before GC invocations=30 (full 2):
 PSYoungGen      total 24576K, used 24558K [0x00000000d5580000, 0x00000000d8600000, 0x0000000100000000)
  eden space 22016K, 100% used [0x00000000d5580000,0x00000000d6b00000,0x00000000d6b00000)
  from space 2560K, 99% used [0x00000000d6b00000,0x00000000d6d7bb88,0x00000000d6d80000)
  to   space 13824K, 0% used [0x00000000d7880000,0x00000000d7880000,0x00000000d8600000)
 ParOldGen       total 68608K, used 51127K [0x0000000080000000, 0x0000000084300000, 0x00000000d5580000)
  object space 68608K, 74% used [0x0000000080000000,0x00000000831edfa0,0x0000000084300000)
 Metaspace       used 49603K, committed 51008K, reserved 1114112K
  class space    used 5337K, committed 6016K, reserved 1048576K
}
Event: 8.984 GC heap after
{Heap after GC invocations=30 (full 2):
 PSYoungGen      total 24576K, used 2060K [0x00000000d5580000, 0x00000000d7b00000, 0x0000000100000000)
  eden space 22016K, 0% used [0x00000000d5580000,0x00000000d5580000,0x00000000d6b00000)
  from space 2560K, 80% used [0x00000000d7880000,0x00000000d7a83208,0x00000000d7b00000)
  to   space 5632K, 0% used [0x00000000d7000000,0x00000000d7000000,0x00000000d7580000)
 ParOldGen       total 68608K, used 53547K [0x0000000080000000, 0x0000000084300000, 0x00000000d5580000)
  object space 68608K, 78% used [0x0000000080000000,0x000000008344ad38,0x0000000084300000)
 Metaspace       used 49603K, committed 51008K, reserved 1114112K
  class space    used 5337K, committed 6016K, reserved 1048576K
}
Event: 9.082 GC heap before
{Heap before GC invocations=31 (full 2):
 PSYoungGen      total 24576K, used 24076K [0x00000000d5580000, 0x00000000d7b00000, 0x0000000100000000)
  eden space 22016K, 100% used [0x00000000d5580000,0x00000000d6b00000,0x00000000d6b00000)
  from space 2560K, 80% used [0x00000000d7880000,0x00000000d7a83208,0x00000000d7b00000)
  to   space 5632K, 0% used [0x00000000d7000000,0x00000000d7000000,0x00000000d7580000)
 ParOldGen       total 68608K, used 53547K [0x0000000080000000, 0x0000000084300000, 0x00000000d5580000)
  object space 68608K, 78% used [0x0000000080000000,0x000000008344ad38,0x0000000084300000)
 Metaspace       used 50446K, committed 51840K, reserved 1114112K
  class space    used 5454K, committed 6080K, reserved 1048576K
}
Event: 9.086 GC heap after
{Heap after GC invocations=31 (full 2):
 PSYoungGen      total 27648K, used 1312K [0x00000000d5580000, 0x00000000d7900000, 0x0000000100000000)
  eden space 22016K, 0% used [0x00000000d5580000,0x00000000d5580000,0x00000000d6b00000)
  from space 5632K, 23% used [0x00000000d7000000,0x00000000d7148000,0x00000000d7580000)
  to   space 2560K, 0% used [0x00000000d7680000,0x00000000d7680000,0x00000000d7900000)
 ParOldGen       total 68608K, used 55449K [0x0000000080000000, 0x0000000084300000, 0x00000000d5580000)
  object space 68608K, 80% used [0x0000000080000000,0x0000000083626508,0x0000000084300000)
 Metaspace       used 50446K, committed 51840K, reserved 1114112K
  class space    used 5454K, committed 6080K, reserved 1048576K
}
Event: 9.402 GC heap before
{Heap before GC invocations=32 (full 2):
 PSYoungGen      total 27648K, used 23328K [0x00000000d5580000, 0x00000000d7900000, 0x0000000100000000)
  eden space 22016K, 100% used [0x00000000d5580000,0x00000000d6b00000,0x00000000d6b00000)
  from space 5632K, 23% used [0x00000000d7000000,0x00000000d7148000,0x00000000d7580000)
  to   space 2560K, 0% used [0x00000000d7680000,0x00000000d7680000,0x00000000d7900000)
 ParOldGen       total 68608K, used 55449K [0x0000000080000000, 0x0000000084300000, 0x00000000d5580000)
  object space 68608K, 80% used [0x0000000080000000,0x0000000083626508,0x0000000084300000)
 Metaspace       used 51748K, committed 53120K, reserved 1114112K
  class space    used 5615K, committed 6272K, reserved 1048576K
}
Event: 9.405 GC heap after
{Heap after GC invocations=32 (full 2):
 PSYoungGen      total 24576K, used 2156K [0x00000000d5580000, 0x00000000d7900000, 0x0000000100000000)
  eden space 22016K, 0% used [0x00000000d5580000,0x00000000d5580000,0x00000000d6b00000)
  from space 2560K, 84% used [0x00000000d7680000,0x00000000d789b1d8,0x00000000d7900000)
  to   space 2560K, 0% used [0x00000000d7400000,0x00000000d7400000,0x00000000d7680000)
 ParOldGen       total 68608K, used 56601K [0x0000000080000000, 0x0000000084300000, 0x00000000d5580000)
  object space 68608K, 82% used [0x0000000080000000,0x0000000083746518,0x0000000084300000)
 Metaspace       used 51748K, committed 53120K, reserved 1114112K
  class space    used 5615K, committed 6272K, reserved 1048576K
}
Event: 9.867 GC heap before
{Heap before GC invocations=33 (full 2):
 PSYoungGen      total 24576K, used 24172K [0x00000000d5580000, 0x00000000d7900000, 0x0000000100000000)
  eden space 22016K, 100% used [0x00000000d5580000,0x00000000d6b00000,0x00000000d6b00000)
  from space 2560K, 84% used [0x00000000d7680000,0x00000000d789b1d8,0x00000000d7900000)
  to   space 2560K, 0% used [0x00000000d7400000,0x00000000d7400000,0x00000000d7680000)
 ParOldGen       total 68608K, used 56601K [0x0000000080000000, 0x0000000084300000, 0x00000000d5580000)
  object space 68608K, 82% used [0x0000000080000000,0x0000000083746518,0x0000000084300000)
 Metaspace       used 52127K, committed 53568K, reserved 1114112K
  class space    used 5669K, committed 6336K, reserved 1048576K
}
Event: 9.871 GC heap after
{Heap after GC invocations=33 (full 2):
 PSYoungGen      total 24576K, used 2220K [0x00000000d5580000, 0x00000000d7700000, 0x0000000100000000)
  eden space 22016K, 0% used [0x00000000d5580000,0x00000000d5580000,0x00000000d6b00000)
  from space 2560K, 86% used [0x00000000d7400000,0x00000000d762b3f0,0x00000000d7680000)
  to   space 512K, 0% used [0x00000000d7680000,0x00000000d7680000,0x00000000d7700000)
 ParOldGen       total 68608K, used 58649K [0x0000000080000000, 0x0000000084300000, 0x00000000d5580000)
  object space 68608K, 85% used [0x0000000080000000,0x00000000839467d0,0x0000000084300000)
 Metaspace       used 52127K, committed 53568K, reserved 1114112K
  class space    used 5669K, committed 6336K, reserved 1048576K
}
Event: 10.297 GC heap before
{Heap before GC invocations=34 (full 2):
 PSYoungGen      total 24576K, used 24236K [0x00000000d5580000, 0x00000000d7700000, 0x0000000100000000)
  eden space 22016K, 100% used [0x00000000d5580000,0x00000000d6b00000,0x00000000d6b00000)
  from space 2560K, 86% used [0x00000000d7400000,0x00000000d762b3f0,0x00000000d7680000)
  to   space 512K, 0% used [0x00000000d7680000,0x00000000d7680000,0x00000000d7700000)
 ParOldGen       total 68608K, used 58649K [0x0000000080000000, 0x0000000084300000, 0x00000000d5580000)
  object space 68608K, 85% used [0x0000000080000000,0x00000000839467d0,0x0000000084300000)
 Metaspace       used 52508K, committed 53888K, reserved 1114112K
  class space    used 5701K, committed 6336K, reserved 1048576K
}
Event: 10.301 GC heap after
{Heap after GC invocations=34 (full 2):
 PSYoungGen      total 22528K, used 509K [0x00000000d5580000, 0x00000000d7700000, 0x0000000100000000)
  eden space 22016K, 0% used [0x00000000d5580000,0x00000000d5580000,0x00000000d6b00000)
  from space 512K, 99% used [0x00000000d7680000,0x00000000d76ff620,0x00000000d7700000)
  to   space 5632K, 0% used [0x00000000d6c00000,0x00000000d6c00000,0x00000000d7180000)
 ParOldGen       total 68608K, used 62920K [0x0000000080000000, 0x0000000084300000, 0x00000000d5580000)
  object space 68608K, 91% used [0x0000000080000000,0x0000000083d72368,0x0000000084300000)
 Metaspace       used 52508K, committed 53888K, reserved 1114112K
  class space    used 5701K, committed 6336K, reserved 1048576K
}
Event: 10.752 GC heap before
{Heap before GC invocations=35 (full 2):
 PSYoungGen      total 22528K, used 22522K [0x00000000d5580000, 0x00000000d7700000, 0x0000000100000000)
  eden space 22016K, 99% used [0x00000000d5580000,0x00000000d6aff238,0x00000000d6b00000)
  from space 512K, 99% used [0x00000000d7680000,0x00000000d76ff620,0x00000000d7700000)
  to   space 5632K, 0% used [0x00000000d6c00000,0x00000000d6c00000,0x00000000d7180000)
 ParOldGen       total 68608K, used 62920K [0x0000000080000000, 0x0000000084300000, 0x00000000d5580000)
  object space 68608K, 91% used [0x0000000080000000,0x0000000083d72368,0x0000000084300000)
 Metaspace       used 52822K, committed 54208K, reserved 1114112K
  class space    used 5737K, committed 6400K, reserved 1048576K
}
Event: 10.754 GC heap after
{Heap after GC invocations=35 (full 2):
 PSYoungGen      total 27648K, used 2718K [0x00000000d5580000, 0x00000000d7700000, 0x0000000100000000)
  eden space 22016K, 0% used [0x00000000d5580000,0x00000000d5580000,0x00000000d6b00000)
  from space 5632K, 48% used [0x00000000d6c00000,0x00000000d6ea7bc8,0x00000000d7180000)
  to   space 3584K, 0% used [0x00000000d7380000,0x00000000d7380000,0x00000000d7700000)
 ParOldGen       total 68608K, used 63447K [0x0000000080000000, 0x0000000084300000, 0x00000000d5580000)
  object space 68608K, 92% used [0x0000000080000000,0x0000000083df5f18,0x0000000084300000)
 Metaspace       used 52822K, committed 54208K, reserved 1114112K
  class space    used 5737K, committed 6400K, reserved 1048576K
}
Event: 11.168 GC heap before
{Heap before GC invocations=36 (full 2):
 PSYoungGen      total 27648K, used 24734K [0x00000000d5580000, 0x00000000d7700000, 0x0000000100000000)
  eden space 22016K, 100% used [0x00000000d5580000,0x00000000d6b00000,0x00000000d6b00000)
  from space 5632K, 48% used [0x00000000d6c00000,0x00000000d6ea7bc8,0x00000000d7180000)
  to   space 3584K, 0% used [0x00000000d7380000,0x00000000d7380000,0x00000000d7700000)
 ParOldGen       total 68608K, used 63447K [0x0000000080000000, 0x0000000084300000, 0x00000000d5580000)
  object space 68608K, 92% used [0x0000000080000000,0x0000000083df5f18,0x0000000084300000)
 Metaspace       used 53181K, committed 54528K, reserved 1114112K
  class space    used 5774K, committed 6400K, reserved 1048576K
}
Event: 11.171 GC heap after
{Heap after GC invocations=36 (full 2):
 PSYoungGen      total 24576K, used 2482K [0x00000000d5580000, 0x00000000d7600000, 0x0000000100000000)
  eden space 22016K, 0% used [0x00000000d5580000,0x00000000d5580000,0x00000000d6b00000)
  from space 2560K, 96% used [0x00000000d7380000,0x00000000d75ecb68,0x00000000d7600000)
  to   space 3072K, 0% used [0x00000000d7000000,0x00000000d7000000,0x00000000d7300000)
 ParOldGen       total 68608K, used 66017K [0x0000000080000000, 0x0000000084300000, 0x00000000d5580000)
  object space 68608K, 96% used [0x0000000080000000,0x0000000084078700,0x0000000084300000)
 Metaspace       used 53181K, committed 54528K, reserved 1114112K
  class space    used 5774K, committed 6400K, reserved 1048576K
}
Event: 11.502 GC heap before
{Heap before GC invocations=37 (full 2):
 PSYoungGen      total 24576K, used 24453K [0x00000000d5580000, 0x00000000d7600000, 0x0000000100000000)
  eden space 22016K, 99% used [0x00000000d5580000,0x00000000d6af48f8,0x00000000d6b00000)
  from space 2560K, 96% used [0x00000000d7380000,0x00000000d75ecb68,0x00000000d7600000)
  to   space 3072K, 0% used [0x00000000d7000000,0x00000000d7000000,0x00000000d7300000)
 ParOldGen       total 68608K, used 66181K [0x0000000080000000, 0x0000000084300000, 0x00000000d5580000)
  object space 68608K, 96% used [0x0000000080000000,0x00000000840a17c0,0x0000000084300000)
 Metaspace       used 53605K, committed 54976K, reserved 1114112K
  class space    used 5810K, committed 6464K, reserved 1048576K
}
Event: 12.594 GC heap after
{Heap after GC invocations=37 (full 2):
 PSYoungGen      total 25088K, used 3052K [0x00000000d5580000, 0x00000000d7600000, 0x0000000100000000)
  eden space 22016K, 0% used [0x00000000d5580000,0x00000000d5580000,0x00000000d6b00000)
  from space 3072K, 99% used [0x00000000d7000000,0x00000000d72fb310,0x00000000d7300000)
  to   space 2560K, 0% used [0x00000000d7380000,0x00000000d7380000,0x00000000d7600000)
 ParOldGen       total 70144K, used 69674K [0x0000000080000000, 0x0000000084480000, 0x00000000d5580000)
  object space 70144K, 99% used [0x0000000080000000,0x000000008440a888,0x0000000084480000)
 Metaspace       used 53605K, committed 54976K, reserved 1114112K
  class space    used 5810K, committed 6464K, reserved 1048576K
}

